[2026-02-08 04:36:04] At-risk report generated with GPA threshold:3.0
[2026-02-08 04:36:06] At-risk report generated with GPA threshold:3.0
[2026-02-08 04:36:07] At-risk report generated with GPA threshold:3.0
[2026-02-08 04:36:07] At-risk report generated with GPA threshold:3.0
[2026-02-08 04:36:12] At-risk report generated with GPA threshold:3.0
[2026-02-08 04:36:14] At-risk report generated with GPA threshold:3.0
[2026-02-08 04:36:24] At-risk report generated with GPA threshold:4.0
[2026-02-08 05:24:08] At-risk report generated with GPA threshold:2.0
[2026-02-08 05:24:14] At-risk report generated with GPA threshold:3.0
[2026-02-08 05:24:15] At-risk report generated with GPA threshold:3.0
[2026-02-08 05:24:16] At-risk report generated with GPA threshold:3.0
[2026-02-08 05:24:19] At-risk report generated with GPA threshold:3.0
[2026-02-08 05:24:19] At-risk report generated with GPA threshold:3.0
[2026-02-08 05:24:24] At-risk report generated with GPA threshold:3.0
[2026-02-08 05:24:40] At-risk report generated with GPA threshold:4.0
[2026-02-08 06:30:25] At-risk report generated with GPA threshold:3.5
[2026-02-08 06:30:25] At-risk report generated with GPA threshold:3.5
[2026-02-08 06:30:26] At-risk report generated with GPA threshold:3.5
[2026-02-08 06:30:27] At-risk report generated with GPA threshold:3.5
[2026-02-08 06:30:35] At-risk report generated with GPA threshold:4.0
[2026-02-11 03:55:43] At-risk report generated with GPA threshold:4.0
[2026-02-11 03:58:28] At-risk report generated with GPA threshold:4.0
[2026-02-24 02:25:02] At-risk report generated with GPA threshold:4.0
[2026-02-24 02:29:42] At-risk report generated with GPA threshold:2.0
[2026-02-24 02:31:36] At-risk report generated with GPA threshold:4.0
[2026-02-24 02:31:44] At-risk report generated with GPA threshold:4.0
[2026-02-24 02:31:50] Duplicate studentClass skipped:01220345B
[2026-02-24 02:31:50] Student added:01220234B
[2026-02-24 02:31:50] 1Students imported from CSV
[2026-02-24 02:31:50] 1duplicate studentClasses skipped during CSV import
[2026-02-24 02:34:12] At-risk report generated with GPA threshold:4.0
[2026-02-24 02:39:59] At-risk report generated with GPA threshold:4.0
[2026-02-24 02:44:34] At-risk report generated with GPA threshold:4.0
[2026-02-24 03:01:48] At-risk report generated with GPA threshold:4.0
[2026-03-01 16:43:46] At-risk report generated with GPA threshold:4.0
[2026-03-02 08:45:36] At-risk report generated with GPA threshold:4.0
